<?xml version="1.0" encoding="UTF-8"?>
<testsuite name="CarTest" tests="1" skipped="0" failures="0" errors="0" timestamp="2020-03-02T01:20:37" hostname="Silver-Home" time="0.002">
  <properties/>
  <testcase name="debt_2" classname="CarTest" time="0.002"/>
  <system-out><![CDATA[]]></system-out>
  <system-err><![CDATA[]]></system-err>
</testsuite>
